<?xml version="1.0" encoding="UTF-8"?>
<!-- Generated by org.testng.reporters.JUnitXMLReporter -->
<testsuite hostname="Harman" ignored="0" name="Default test" tests="4" failures="0" timestamp="04 Apr 2020 16:46:02 GMT" time="6.379" errors="0">
  <testcase name="signInTest" time="1.438" classname="co.pragra.learning.fullstackqa.b15framework.testcases.TopNavBarTest"/>
  <testcase name="signInTest" time="1.061" classname="co.pragra.learning.fullstackqa.b15framework.testcases.TopNavBarTest"/>
  <testcase name="signInTest" time="1.297" classname="co.pragra.learning.fullstackqa.b15framework.testcases.TopNavBarTest"/>
  <testcase name="testClickOnRequestDemo" time="1.005" classname="co.pragra.learning.fullstackqa.b15framework.testcases.TopNavBarTest"/>
</testsuite> <!-- Default test -->
