<?xml version="1.0" encoding="UTF-8"?>
<!-- Generated by org.testng.reporters.JUnitXMLReporter -->
<testsuite hostname="Harman" ignored="0" name="Default test" tests="6" failures="0" timestamp="05 Apr 2020 15:07:59 GMT" time="12.898" errors="0">
  <testcase name="testClickOnRequestDemo" time="1.793" classname="co.pragra.learning.fullstackqa.b15framework.testcases.TopNavBarTest"/>
  <testcase name="signInTest" time="1.478" classname="co.pragra.learning.fullstackqa.b15framework.testcases.TopNavBarTest"/>
  <testcase name="signInTest" time="1.072" classname="co.pragra.learning.fullstackqa.b15framework.testcases.TopNavBarTest"/>
  <testcase name="signInTest" time="1.106" classname="co.pragra.learning.fullstackqa.b15framework.testcases.TopNavBarTest"/>
  <testcase name="clickSupportPage" time="2.163" classname="co.pragra.learning.fullstackqa.b15framework.testcases.TopNavBarTest"/>
  <testcase name="clickOnVideoTutorial" time="2.454" classname="co.pragra.learning.fullstackqa.b15framework.testcases.TopNavBarTest"/>
</testsuite> <!-- Default test -->
