<?xml version="1.0" encoding="UTF-8"?>
<testng-results skipped="0" failed="0" ignored="0" total="4" passed="4">
  <reporter-output>
  </reporter-output>
  <suite name="Default suite" duration-ms="6379" started-at="2020-04-04T16:45:56Z" finished-at="2020-04-04T16:46:02Z">
    <groups>
    </groups>
    <test name="Default test" duration-ms="6379" started-at="2020-04-04T16:45:56Z" finished-at="2020-04-04T16:46:02Z">
      <class name="co.pragra.learning.fullstackqa.b15framework.testcases.TopNavBarTest">
        <test-method status="PASS" signature="setUp()[pri:0, instance:co.pragra.learning.fullstackqa.b15framework.testcases.TopNavBarTest@6d4b1c02]" name="setUp" is-config="true" duration-ms="7245" started-at="2020-04-04T16:45:48Z" finished-at="2020-04-04T16:45:56Z">
          <reporter-output>
          </reporter-output>
        </test-method> <!-- setUp -->
        <test-method status="PASS" signature="signInTest(java.lang.String, java.lang.String)[pri:0, instance:co.pragra.learning.fullstackqa.b15framework.testcases.TopNavBarTest@6d4b1c02]" name="signInTest" duration-ms="1438" started-at="2020-04-04T16:45:56Z" data-provider="dummyDataProvider" finished-at="2020-04-04T16:45:57Z">
          <params>
            <param index="0">
              <value>
                <![CDATA[Atin@pragra.co]]>
              </value>
            </param>
            <param index="1">
              <value>
                <![CDATA[112345]]>
              </value>
            </param>
          </params>
          <reporter-output>
          </reporter-output>
        </test-method> <!-- signInTest -->
        <test-method status="PASS" signature="signInTest(java.lang.String, java.lang.String)[pri:0, instance:co.pragra.learning.fullstackqa.b15framework.testcases.TopNavBarTest@6d4b1c02]" name="signInTest" duration-ms="1061" started-at="2020-04-04T16:45:58Z" data-provider="dummyDataProvider" finished-at="2020-04-04T16:45:59Z">
          <params>
            <param index="0">
              <value>
                <![CDATA[Vivek@pragra.co]]>
              </value>
            </param>
            <param index="1">
              <value>
                <![CDATA[16432]]>
              </value>
            </param>
          </params>
          <reporter-output>
          </reporter-output>
        </test-method> <!-- signInTest -->
        <test-method status="PASS" signature="signInTest(java.lang.String, java.lang.String)[pri:0, instance:co.pragra.learning.fullstackqa.b15framework.testcases.TopNavBarTest@6d4b1c02]" name="signInTest" duration-ms="1297" started-at="2020-04-04T16:45:59Z" data-provider="dummyDataProvider" finished-at="2020-04-04T16:46:00Z">
          <params>
            <param index="0">
              <value>
                <![CDATA[harman123@gmail.com]]>
              </value>
            </param>
            <param index="1">
              <value>
                <![CDATA[9878675]]>
              </value>
            </param>
          </params>
          <reporter-output>
          </reporter-output>
        </test-method> <!-- signInTest -->
        <test-method status="PASS" signature="testClickOnRequestDemo()[pri:0, instance:co.pragra.learning.fullstackqa.b15framework.testcases.TopNavBarTest@6d4b1c02]" name="testClickOnRequestDemo" duration-ms="1005" started-at="2020-04-04T16:46:01Z" finished-at="2020-04-04T16:46:02Z">
          <reporter-output>
          </reporter-output>
        </test-method> <!-- testClickOnRequestDemo -->
        <test-method status="PASS" signature="tearDown()[pri:0, instance:co.pragra.learning.fullstackqa.b15framework.testcases.TopNavBarTest@6d4b1c02]" name="tearDown" is-config="true" duration-ms="661" started-at="2020-04-04T16:46:02Z" finished-at="2020-04-04T16:46:03Z">
          <reporter-output>
          </reporter-output>
        </test-method> <!-- tearDown -->
      </class> <!-- co.pragra.learning.fullstackqa.b15framework.testcases.TopNavBarTest -->
    </test> <!-- Default test -->
  </suite> <!-- Default suite -->
</testng-results>
