<?xml version="1.0" encoding="UTF-8"?>
<testng-results skipped="0" failed="0" ignored="0" total="6" passed="6">
  <reporter-output>
  </reporter-output>
  <suite name="Default suite" duration-ms="12898" started-at="2020-04-05T15:07:46Z" finished-at="2020-04-05T15:07:59Z">
    <groups>
    </groups>
    <test name="Default test" duration-ms="12898" started-at="2020-04-05T15:07:46Z" finished-at="2020-04-05T15:07:59Z">
      <class name="co.pragra.learning.fullstackqa.b15framework.testcases.TopNavBarTest">
        <test-method status="PASS" signature="setUp()[pri:0, instance:co.pragra.learning.fullstackqa.b15framework.testcases.TopNavBarTest@6d4b1c02]" name="setUp" is-config="true" duration-ms="11834" started-at="2020-04-05T15:07:35Z" finished-at="2020-04-05T15:07:46Z">
          <reporter-output>
          </reporter-output>
        </test-method> <!-- setUp -->
        <test-method status="PASS" signature="testClickOnRequestDemo()[pri:0, instance:co.pragra.learning.fullstackqa.b15framework.testcases.TopNavBarTest@6d4b1c02]" name="testClickOnRequestDemo" duration-ms="1793" started-at="2020-04-05T15:07:46Z" finished-at="2020-04-05T15:07:48Z">
          <reporter-output>
          </reporter-output>
        </test-method> <!-- testClickOnRequestDemo -->
        <test-method status="PASS" signature="signInTest(java.lang.String, java.lang.String)[pri:0, instance:co.pragra.learning.fullstackqa.b15framework.testcases.TopNavBarTest@6d4b1c02]" name="signInTest" duration-ms="1478" started-at="2020-04-05T15:07:49Z" data-provider="dummyDataProvider" finished-at="2020-04-05T15:07:51Z">
          <params>
            <param index="0">
              <value>
                <![CDATA[Atin@pragra.co]]>
              </value>
            </param>
            <param index="1">
              <value>
                <![CDATA[112345]]>
              </value>
            </param>
          </params>
          <reporter-output>
          </reporter-output>
        </test-method> <!-- signInTest -->
        <test-method status="PASS" signature="signInTest(java.lang.String, java.lang.String)[pri:0, instance:co.pragra.learning.fullstackqa.b15framework.testcases.TopNavBarTest@6d4b1c02]" name="signInTest" duration-ms="1072" started-at="2020-04-05T15:07:51Z" data-provider="dummyDataProvider" finished-at="2020-04-05T15:07:52Z">
          <params>
            <param index="0">
              <value>
                <![CDATA[Vivek@pragra.co]]>
              </value>
            </param>
            <param index="1">
              <value>
                <![CDATA[16432]]>
              </value>
            </param>
          </params>
          <reporter-output>
          </reporter-output>
        </test-method> <!-- signInTest -->
        <test-method status="PASS" signature="signInTest(java.lang.String, java.lang.String)[pri:0, instance:co.pragra.learning.fullstackqa.b15framework.testcases.TopNavBarTest@6d4b1c02]" name="signInTest" duration-ms="1106" started-at="2020-04-05T15:07:52Z" data-provider="dummyDataProvider" finished-at="2020-04-05T15:07:53Z">
          <params>
            <param index="0">
              <value>
                <![CDATA[harman123@gmail.com]]>
              </value>
            </param>
            <param index="1">
              <value>
                <![CDATA[9878675]]>
              </value>
            </param>
          </params>
          <reporter-output>
          </reporter-output>
        </test-method> <!-- signInTest -->
        <test-method status="PASS" signature="clickSupportPage()[pri:0, instance:co.pragra.learning.fullstackqa.b15framework.testcases.TopNavBarTest@6d4b1c02]" name="clickSupportPage" duration-ms="2163" started-at="2020-04-05T15:07:54Z" depends-on-methods="co.pragra.learning.fullstackqa.b15framework.testcases.TopNavBarTest.testClickOnRequestDemo" finished-at="2020-04-05T15:07:56Z">
          <reporter-output>
          </reporter-output>
        </test-method> <!-- clickSupportPage -->
        <test-method status="PASS" signature="clickOnVideoTutorial()[pri:0, instance:co.pragra.learning.fullstackqa.b15framework.testcases.TopNavBarTest@6d4b1c02]" name="clickOnVideoTutorial" duration-ms="2454" started-at="2020-04-05T15:07:56Z" depends-on-methods="co.pragra.learning.fullstackqa.b15framework.testcases.TopNavBarTest.clickSupportPage" finished-at="2020-04-05T15:07:59Z">
          <reporter-output>
          </reporter-output>
        </test-method> <!-- clickOnVideoTutorial -->
        <test-method status="PASS" signature="tearDown()[pri:0, instance:co.pragra.learning.fullstackqa.b15framework.testcases.TopNavBarTest@6d4b1c02]" name="tearDown" is-config="true" duration-ms="717" started-at="2020-04-05T15:07:59Z" finished-at="2020-04-05T15:08:00Z">
          <reporter-output>
          </reporter-output>
        </test-method> <!-- tearDown -->
      </class> <!-- co.pragra.learning.fullstackqa.b15framework.testcases.TopNavBarTest -->
    </test> <!-- Default test -->
  </suite> <!-- Default suite -->
</testng-results>
